
*** Running vivado
    with args -log APB_Top.vdi -applog -m64 -product Vivado -messageDb vivado.pb -mode batch -source APB_Top.tcl -notrace


****** Vivado v2018.2 (64-bit)
  **** SW Build 2258646 on Thu Jun 14 20:03:12 MDT 2018
  **** IP Build 2256618 on Thu Jun 14 22:10:49 MDT 2018
    ** Copyright 1986-2018 Xilinx, Inc. All Rights Reserved.

source APB_Top.tcl -notrace
Command: link_design -top APB_Top -part xc7a35ticpg236-1L
Design is defaulting to srcset: sources_1
Design is defaulting to constrset: constrs_1
INFO: [Netlist 29-17] Analyzing 13124 Unisim elements for replacement
INFO: [Netlist 29-28] Unisim Transformation completed in 0 CPU seconds
INFO: [Project 1-479] Netlist was created with Vivado 2018.2
INFO: [Device 21-403] Loading part xc7a35ticpg236-1L
INFO: [Project 1-570] Preparing netlist for logic optimization
INFO: [Project 1-111] Unisim Transformation Summary:
No Unisim elements were transformed.

6 Infos, 0 Warnings, 0 Critical Warnings and 0 Errors encountered.
link_design completed successfully
link_design: Time (s): cpu = 00:00:27 ; elapsed = 00:00:30 . Memory (MB): peak = 763.070 ; gain = 457.965
Command: opt_design
Attempting to get a license for feature 'Implementation' and/or device 'xc7a35ti'
INFO: [Common 17-349] Got license for feature 'Implementation' and/or device 'xc7a35ti'
Running DRC as a precondition to command opt_design

Starting DRC Task
INFO: [DRC 23-27] Running DRC with 2 threads
INFO: [Project 1-461] DRC finished with 0 Errors
INFO: [Project 1-462] Please refer to the DRC report (report_drc) for more information.

Time (s): cpu = 00:00:02 ; elapsed = 00:00:01 . Memory (MB): peak = 763.070 ; gain = 0.000

Starting Cache Timing Information Task
INFO: [Timing 38-35] Done setting XDC timing constraints.
Ending Cache Timing Information Task | Checksum: 6bfb448d

Time (s): cpu = 00:00:19 ; elapsed = 00:00:20 . Memory (MB): peak = 1357.051 ; gain = 593.980

Starting Logic Optimization Task

Phase 1 Retarget
INFO: [Opt 31-138] Pushed 0 inverter(s) to 0 load pin(s).
INFO: [Opt 31-49] Retargeted 0 cell(s).
Phase 1 Retarget | Checksum: 6bfb448d

Time (s): cpu = 00:00:06 ; elapsed = 00:00:05 . Memory (MB): peak = 1357.051 ; gain = 0.000
INFO: [Opt 31-389] Phase Retarget created 0 cells and removed 0 cells

Phase 2 Constant propagation
INFO: [Opt 31-138] Pushed 0 inverter(s) to 0 load pin(s).
Phase 2 Constant propagation | Checksum: 6bfb448d

Time (s): cpu = 00:00:08 ; elapsed = 00:00:07 . Memory (MB): peak = 1357.051 ; gain = 0.000
INFO: [Opt 31-389] Phase Constant propagation created 0 cells and removed 0 cells

Phase 3 Sweep
Phase 3 Sweep | Checksum: 6bfb448d

Time (s): cpu = 00:00:09 ; elapsed = 00:00:08 . Memory (MB): peak = 1357.051 ; gain = 0.000
INFO: [Opt 31-389] Phase Sweep created 0 cells and removed 0 cells

Phase 4 BUFG optimization
Phase 4 BUFG optimization | Checksum: 6bfb448d

Time (s): cpu = 00:00:11 ; elapsed = 00:00:10 . Memory (MB): peak = 1357.051 ; gain = 0.000
INFO: [Opt 31-662] Phase BUFG optimization created 0 cells of which 0 are BUFGs and removed 0 cells.

Phase 5 Shift Register Optimization
Phase 5 Shift Register Optimization | Checksum: 6bfb448d

Time (s): cpu = 00:00:13 ; elapsed = 00:00:13 . Memory (MB): peak = 1357.051 ; gain = 0.000
INFO: [Opt 31-389] Phase Shift Register Optimization created 0 cells and removed 0 cells

Phase 6 Post Processing Netlist
Phase 6 Post Processing Netlist | Checksum: 6bfb448d

Time (s): cpu = 00:00:14 ; elapsed = 00:00:13 . Memory (MB): peak = 1357.051 ; gain = 0.000
INFO: [Opt 31-389] Phase Post Processing Netlist created 0 cells and removed 0 cells

Starting Connectivity Check Task

Time (s): cpu = 00:00:00 ; elapsed = 00:00:00.123 . Memory (MB): peak = 1357.051 ; gain = 0.000
Ending Logic Optimization Task | Checksum: 6bfb448d

Time (s): cpu = 00:00:14 ; elapsed = 00:00:13 . Memory (MB): peak = 1357.051 ; gain = 0.000

Starting Power Optimization Task
INFO: [Pwropt 34-132] Skipping clock gating for clocks with a period < 2.00 ns.
Ending Power Optimization Task | Checksum: 6bfb448d

Time (s): cpu = 00:00:00 ; elapsed = 00:00:00.172 . Memory (MB): peak = 1357.051 ; gain = 0.000

Starting Final Cleanup Task
Ending Final Cleanup Task | Checksum: 6bfb448d

Time (s): cpu = 00:00:00 ; elapsed = 00:00:00 . Memory (MB): peak = 1357.051 ; gain = 0.000
INFO: [Common 17-83] Releasing license: Implementation
22 Infos, 0 Warnings, 0 Critical Warnings and 0 Errors encountered.
opt_design completed successfully
opt_design: Time (s): cpu = 00:00:36 ; elapsed = 00:00:36 . Memory (MB): peak = 1357.051 ; gain = 593.980
WARNING: [Constraints 18-5210] No constraint will be written out.
INFO: [Common 17-1381] The checkpoint 'D:/APB/APB/APB.runs/impl_1/APB_Top_opt.dcp' has been generated.
write_checkpoint: Time (s): cpu = 00:00:19 ; elapsed = 01:11:52 . Memory (MB): peak = 1357.051 ; gain = 0.000
INFO: [runtcl-4] Executing : report_drc -file APB_Top_drc_opted.rpt -pb APB_Top_drc_opted.pb -rpx APB_Top_drc_opted.rpx
Command: report_drc -file APB_Top_drc_opted.rpt -pb APB_Top_drc_opted.pb -rpx APB_Top_drc_opted.rpx
INFO: [IP_Flow 19-234] Refreshing IP repositories
INFO: [IP_Flow 19-1704] No user IP repositories specified
INFO: [IP_Flow 19-2313] Loaded Vivado IP repository 'D:/xilinix/Vivado/2018.2/data/ip'.
INFO: [DRC 23-27] Running DRC with 2 threads
INFO: [Coretcl 2-168] The results of DRC are in file D:/APB/APB/APB.runs/impl_1/APB_Top_drc_opted.rpt.
report_drc completed successfully
report_drc: Time (s): cpu = 00:00:17 ; elapsed = 00:00:12 . Memory (MB): peak = 1357.051 ; gain = 0.000
Command: place_design
Attempting to get a license for feature 'Implementation' and/or device 'xc7a35ti'
INFO: [Common 17-349] Got license for feature 'Implementation' and/or device 'xc7a35ti'
INFO: [DRC 23-27] Running DRC with 2 threads
INFO: [Vivado_Tcl 4-198] DRC finished with 0 Errors
INFO: [Vivado_Tcl 4-199] Please refer to the DRC report (report_drc) for more information.
Running DRC as a precondition to command place_design
INFO: [DRC 23-27] Running DRC with 2 threads
INFO: [Vivado_Tcl 4-198] DRC finished with 0 Errors
INFO: [Vivado_Tcl 4-199] Please refer to the DRC report (report_drc) for more information.

Starting Placer Task
INFO: [Place 30-611] Multithreading enabled for place_design using a maximum of 2 CPUs

Phase 1 Placer Initialization

Phase 1.1 Placer Initialization Netlist Sorting
Netlist sorting complete. Time (s): cpu = 00:00:00 ; elapsed = 00:00:00.109 . Memory (MB): peak = 1357.051 ; gain = 0.000
Phase 1.1 Placer Initialization Netlist Sorting | Checksum: 4672567d

Time (s): cpu = 00:00:00 ; elapsed = 00:00:00.138 . Memory (MB): peak = 1357.051 ; gain = 0.000
Netlist sorting complete. Time (s): cpu = 00:00:00 ; elapsed = 00:00:00.090 . Memory (MB): peak = 1357.051 ; gain = 0.000

Phase 1.2 IO Placement/ Clock Placement/ Build Placer Device
ERROR: [Place 30-415] IO Placement failed due to overutilization. This design contains 132 I/O ports
 while the target  device: 7a35ti package: cpg236, contains only 106 available user I/O. The target device has 106 usable I/O pins of which 0 are already occupied by user-locked I/Os.
 To rectify this issue:
 1. Ensure you are targeting the correct device and package.  Select a larger device or different package if necessary.
 2. Check the top-level ports of the design to ensure the correct number of ports are specified.
 3. Consider design changes to reduce the number of I/Os necessary.
ERROR: [Place 30-640] Place Check : This design requires more Register as Flip Flop cells than are available in the target device. This design requires 65960 of such cell types but only 41600 compatible sites are available in the target device. Please analyze your synthesis results and constraints to ensure the design is mapped to Xilinx primitives as expected. If so, please consider targeting a larger device.
ERROR: [Place 30-640] Place Check : This design requires more Slice Registers cells than are available in the target device. This design requires 65960 of such cell types but only 41600 compatible sites are available in the target device. Please analyze your synthesis results and constraints to ensure the design is mapped to Xilinx primitives as expected. If so, please consider targeting a larger device.
ERROR: [Place 30-640] Place Check : This design requires more Slice LUTs cells than are available in the target device. This design requires 22114 of such cell types but only 20800 compatible sites are available in the target device. Please analyze your synthesis results and constraints to ensure the design is mapped to Xilinx primitives as expected. If so, please consider targeting a larger device. Please set tcl parameter "drc.disableLUTOverUtilError" to 1 to change this error to warning.
ERROR: [Place 30-640] Place Check : This design requires more LUT as Logic cells than are available in the target device. This design requires 22114 of such cell types but only 20800 compatible sites are available in the target device. Please analyze your synthesis results and constraints to ensure the design is mapped to Xilinx primitives as expected. If so, please consider targeting a larger device. Please set tcl parameter "drc.disableLUTOverUtilError" to 1 to change this error to warning.
ERROR: [Place 30-640] Place Check : This design requires more FDRE cells than are available in the target device. This design requires 65536 of such cell types but only 65518 compatible sites are available in the target device. Please analyze your synthesis results and constraints to ensure the design is mapped to Xilinx primitives as expected. If so, please consider targeting a larger device.
INFO: [Timing 38-35] Done setting XDC timing constraints.
Phase 1.2 IO Placement/ Clock Placement/ Build Placer Device | Checksum: 86314a58

Time (s): cpu = 00:00:15 ; elapsed = 00:00:13 . Memory (MB): peak = 1408.516 ; gain = 51.465
Phase 1 Placer Initialization | Checksum: 86314a58

Time (s): cpu = 00:00:15 ; elapsed = 00:00:13 . Memory (MB): peak = 1408.516 ; gain = 51.465
ERROR: [Place 30-99] Placer failed with error: 'Implementation Feasibility check failed, Please see the previously displayed individual error or warning messages for more details.'
Please review all ERROR, CRITICAL WARNING, and WARNING messages during placement to understand the cause for failure.
Ending Placer Task | Checksum: 86314a58

Time (s): cpu = 00:00:15 ; elapsed = 00:00:13 . Memory (MB): peak = 1408.516 ; gain = 51.465
INFO: [Common 17-83] Releasing license: Implementation
39 Infos, 1 Warnings, 0 Critical Warnings and 8 Errors encountered.
place_design failed
ERROR: [Common 17-69] Command failed: Placer could not place all instances
INFO: [Common 17-206] Exiting Vivado at Tue Dec  2 19:47:31 2025...
